This file contains any messages produced by compilers while
running configure, to aid debugging if configure makes a mistake.

It was created by json-c configure 0.9, which was
generated by GNU Autoconf 2.65.  Invocation command line was

  $ ./configure 

## --------- ##
## Platform. ##
## --------- ##

hostname = Ghostface
uname -m = i686
uname -r = 2.6.35.1
uname -s = Linux
uname -v = #10 ZEN SMP PREEMPT Wed Aug 11 20:37:36 EDT 2010

/usr/bin/uname -p = Intel(R) Atom(TM) CPU N280 @ 1.66GHz
/bin/uname -X     = unknown

/bin/arch              = unknown
/usr/bin/arch -k       = unknown
/usr/convex/getsysinfo = unknown
/usr/bin/hostinfo      = unknown
/bin/machine           = unknown
/usr/bin/oslevel       = unknown
/bin/universe          = unknown

PATH: /usr/local/bin
PATH: /usr/bin
PATH: /bin
PATH: /opt/bin
PATH: /usr/i686-pc-linux-gnu/gcc-bin/4.4.3
PATH: /usr/lib/subversion/bin


## ----------- ##
## Core tests. ##
## ----------- ##

configure:2254: checking for a BSD-compatible install
configure:2322: result: /usr/bin/install -c
configure:2333: checking whether build environment is sane
configure:2370: result: yes
configure:2497: checking for a thread-safe mkdir -p
configure:2536: result: /bin/mkdir -p
configure:2549: checking for gawk
configure:2565: found /usr/bin/gawk
configure:2576: result: gawk
configure:2587: checking whether make sets $(MAKE)
configure:2609: result: yes
configure:2709: checking for style of include used by make
configure:2737: result: GNU
configure:2807: checking for gcc
configure:2823: found /usr/bin/gcc
configure:2834: result: gcc
configure:3063: checking for C compiler version
configure:3072: gcc --version >&5
gcc (Gentoo 4.4.3 p1.0) 4.4.3
Copyright (C) 2010 Free Software Foundation, Inc.
This is free software; see the source for copying conditions.  There is NO
warranty; not even for MERCHANTABILITY or FITNESS FOR A PARTICULAR PURPOSE.

configure:3083: $? = 0
configure:3072: gcc -v >&5
Using built-in specs.
Target: i686-pc-linux-gnu
Configured with: /var/tmp/portage/sys-devel/gcc-4.4.3/work/gcc-4.4.3/configure --prefix=/usr --bindir=/usr/i686-pc-linux-gnu/gcc-bin/4.4.3 --includedir=/usr/lib/gcc/i686-pc-linux-gnu/4.4.3/include --datadir=/usr/share/gcc-data/i686-pc-linux-gnu/4.4.3 --mandir=/usr/share/gcc-data/i686-pc-linux-gnu/4.4.3/man --infodir=/usr/share/gcc-data/i686-pc-linux-gnu/4.4.3/info --with-gxx-include-dir=/usr/lib/gcc/i686-pc-linux-gnu/4.4.3/include/g++-v4 --host=i686-pc-linux-gnu --build=i686-pc-linux-gnu --disable-altivec --disable-fixed-point --without-ppl --without-cloog --enable-nls --without-included-gettext --with-system-zlib --disable-checking --disable-werror --enable-secureplt --disable-multilib --enable-libmudflap --disable-libssp --enable-libgomp --with-python-dir=/share/gcc-data/i686-pc-linux-gnu/4.4.3/python --disable-libgcj --with-arch=i686 --enable-languages=c,c++,fortran --enable-shared --enable-threads=posix --enable-__cxa_atexit --enable-clocale=gnu --with-bugurl=http://bugs.gentoo.org/ --with-pkgversion='Gentoo 4.4.3 p1.0'
Thread model: posix
gcc version 4.4.3 (Gentoo 4.4.3 p1.0) 
configure:3083: $? = 0
configure:3072: gcc -V >&5
gcc: '-V' option must have argument
configure:3083: $? = 1
configure:3072: gcc -qversion >&5
gcc: unrecognized option '-qversion'
gcc: no input files
configure:3083: $? = 1
configure:3103: checking whether the C compiler works
configure:3125: gcc    conftest.c  >&5
configure:3129: $? = 0
configure:3178: result: yes
configure:3181: checking for C compiler default output file name
configure:3183: result: a.out
configure:3189: checking for suffix of executables
configure:3196: gcc -o conftest    conftest.c  >&5
configure:3200: $? = 0
configure:3222: result: 
configure:3244: checking whether we are cross compiling
configure:3252: gcc -o conftest    conftest.c  >&5
configure:3256: $? = 0
configure:3263: ./conftest
configure:3267: $? = 0
configure:3282: result: no
configure:3287: checking for suffix of object files
configure:3309: gcc -c   conftest.c >&5
configure:3313: $? = 0
configure:3334: result: o
configure:3338: checking whether we are using the GNU C compiler
configure:3357: gcc -c   conftest.c >&5
configure:3357: $? = 0
configure:3366: result: yes
configure:3375: checking whether gcc accepts -g
configure:3395: gcc -c -g  conftest.c >&5
configure:3395: $? = 0
configure:3436: result: yes
configure:3453: checking for gcc option to accept ISO C89
configure:3517: gcc  -c -g -O2  conftest.c >&5
configure:3517: $? = 0
configure:3530: result: none needed
configure:3552: checking dependency style of gcc
configure:3662: result: gcc3
configure:3683: checking how to run the C preprocessor
configure:3714: gcc -E  conftest.c
configure:3714: $? = 0
configure:3728: gcc -E  conftest.c
conftest.c:11:28: error: ac_nonexistent.h: No such file or directory
configure:3728: $? = 1
configure: failed program was:
| /* confdefs.h */
| #define PACKAGE_NAME "json-c"
| #define PACKAGE_TARNAME "json-c"
| #define PACKAGE_VERSION "0.9"
| #define PACKAGE_STRING "json-c 0.9"
| #define PACKAGE_BUGREPORT "michael@metaparadigm.com"
| #define PACKAGE_URL ""
| #define PACKAGE "json-c"
| #define VERSION "0.9"
| /* end confdefs.h.  */
| #include <ac_nonexistent.h>
configure:3753: result: gcc -E
configure:3773: gcc -E  conftest.c
configure:3773: $? = 0
configure:3787: gcc -E  conftest.c
conftest.c:11:28: error: ac_nonexistent.h: No such file or directory
configure:3787: $? = 1
configure: failed program was:
| /* confdefs.h */
| #define PACKAGE_NAME "json-c"
| #define PACKAGE_TARNAME "json-c"
| #define PACKAGE_VERSION "0.9"
| #define PACKAGE_STRING "json-c 0.9"
| #define PACKAGE_BUGREPORT "michael@metaparadigm.com"
| #define PACKAGE_URL ""
| #define PACKAGE "json-c"
| #define VERSION "0.9"
| /* end confdefs.h.  */
| #include <ac_nonexistent.h>
configure:3816: checking for grep that handles long lines and -e
configure:3874: result: /bin/grep
configure:3879: checking for egrep
configure:3941: result: /bin/grep -E
configure:3946: checking for ANSI C header files
configure:3966: gcc -c -g -O2  conftest.c >&5
configure:3966: $? = 0
configure:4039: gcc -o conftest -g -O2   conftest.c  >&5
configure:4039: $? = 0
configure:4039: ./conftest
configure:4039: $? = 0
configure:4050: result: yes
configure:4063: checking for sys/types.h
configure:4063: gcc -c -g -O2  conftest.c >&5
configure:4063: $? = 0
configure:4063: result: yes
configure:4063: checking for sys/stat.h
configure:4063: gcc -c -g -O2  conftest.c >&5
configure:4063: $? = 0
configure:4063: result: yes
configure:4063: checking for stdlib.h
configure:4063: gcc -c -g -O2  conftest.c >&5
configure:4063: $? = 0
configure:4063: result: yes
configure:4063: checking for string.h
configure:4063: gcc -c -g -O2  conftest.c >&5
configure:4063: $? = 0
configure:4063: result: yes
configure:4063: checking for memory.h
configure:4063: gcc -c -g -O2  conftest.c >&5
configure:4063: $? = 0
configure:4063: result: yes
configure:4063: checking for strings.h
configure:4063: gcc -c -g -O2  conftest.c >&5
configure:4063: $? = 0
configure:4063: result: yes
configure:4063: checking for inttypes.h
configure:4063: gcc -c -g -O2  conftest.c >&5
configure:4063: $? = 0
configure:4063: result: yes
configure:4063: checking for stdint.h
configure:4063: gcc -c -g -O2  conftest.c >&5
configure:4063: $? = 0
configure:4063: result: yes
configure:4063: checking for unistd.h
configure:4063: gcc -c -g -O2  conftest.c >&5
configure:4063: $? = 0
configure:4063: result: yes
configure:4079: checking fcntl.h usability
configure:4079: gcc -c -g -O2  conftest.c >&5
configure:4079: $? = 0
configure:4079: result: yes
configure:4079: checking fcntl.h presence
configure:4079: gcc -E  conftest.c
configure:4079: $? = 0
configure:4079: result: yes
configure:4079: checking for fcntl.h
configure:4079: result: yes
configure:4079: checking limits.h usability
configure:4079: gcc -c -g -O2  conftest.c >&5
configure:4079: $? = 0
configure:4079: result: yes
configure:4079: checking limits.h presence
configure:4079: gcc -E  conftest.c
configure:4079: $? = 0
configure:4079: result: yes
configure:4079: checking for limits.h
configure:4079: result: yes
configure:4079: checking for strings.h
configure:4079: result: yes
configure:4079: checking syslog.h usability
configure:4079: gcc -c -g -O2  conftest.c >&5
configure:4079: $? = 0
configure:4079: result: yes
configure:4079: checking syslog.h presence
configure:4079: gcc -E  conftest.c
configure:4079: $? = 0
configure:4079: result: yes
configure:4079: checking for syslog.h
configure:4079: result: yes
configure:4079: checking for unistd.h
configure:4079: result: yes
configure:4079: checking sys/param.h usability
configure:4079: gcc -c -g -O2  conftest.c >&5
configure:4079: $? = 0
configure:4079: result: yes
configure:4079: checking sys/param.h presence
configure:4079: gcc -E  conftest.c
configure:4079: $? = 0
configure:4079: result: yes
configure:4079: checking for sys/param.h
configure:4079: result: yes
configure:4079: checking stdarg.h usability
configure:4079: gcc -c -g -O2  conftest.c >&5
configure:4079: $? = 0
configure:4079: result: yes
configure:4079: checking stdarg.h presence
configure:4079: gcc -E  conftest.c
configure:4079: $? = 0
configure:4079: result: yes
configure:4079: checking for stdarg.h
configure:4079: result: yes
configure:4092: checking for an ANSI C-conforming const
configure:4157: gcc -c -g -O2  conftest.c >&5
configure:4157: $? = 0
configure:4164: result: yes
configure:4172: checking for size_t
configure:4172: gcc -c -g -O2  conftest.c >&5
configure:4172: $? = 0
configure:4172: gcc -c -g -O2  conftest.c >&5
conftest.c: In function 'main':
conftest.c:64: error: expected expression before ')' token
configure:4172: $? = 1
configure: failed program was:
| /* confdefs.h */
| #define PACKAGE_NAME "json-c"
| #define PACKAGE_TARNAME "json-c"
| #define PACKAGE_VERSION "0.9"
| #define PACKAGE_STRING "json-c 0.9"
| #define PACKAGE_BUGREPORT "michael@metaparadigm.com"
| #define PACKAGE_URL ""
| #define PACKAGE "json-c"
| #define VERSION "0.9"
| #define STDC_HEADERS 1
| #define HAVE_SYS_TYPES_H 1
| #define HAVE_SYS_STAT_H 1
| #define HAVE_STDLIB_H 1
| #define HAVE_STRING_H 1
| #define HAVE_MEMORY_H 1
| #define HAVE_STRINGS_H 1
| #define HAVE_INTTYPES_H 1
| #define HAVE_STDINT_H 1
| #define HAVE_UNISTD_H 1
| #define HAVE_FCNTL_H 1
| #define HAVE_LIMITS_H 1
| #define HAVE_STRINGS_H 1
| #define HAVE_SYSLOG_H 1
| #define HAVE_UNISTD_H 1
| #define HAVE_SYS_PARAM_H 1
| #define HAVE_STDARG_H 1
| /* end confdefs.h.  */
| #include <stdio.h>
| #ifdef HAVE_SYS_TYPES_H
| # include <sys/types.h>
| #endif
| #ifdef HAVE_SYS_STAT_H
| # include <sys/stat.h>
| #endif
| #ifdef STDC_HEADERS
| # include <stdlib.h>
| # include <stddef.h>
| #else
| # ifdef HAVE_STDLIB_H
| #  include <stdlib.h>
| # endif
| #endif
| #ifdef HAVE_STRING_H
| # if !defined STDC_HEADERS && defined HAVE_MEMORY_H
| #  include <memory.h>
| # endif
| # include <string.h>
| #endif
| #ifdef HAVE_STRINGS_H
| # include <strings.h>
| #endif
| #ifdef HAVE_INTTYPES_H
| # include <inttypes.h>
| #endif
| #ifdef HAVE_STDINT_H
| # include <stdint.h>
| #endif
| #ifdef HAVE_UNISTD_H
| # include <unistd.h>
| #endif
| int
| main ()
| {
| if (sizeof ((size_t)))
| 	    return 0;
|   ;
|   return 0;
| }
configure:4172: result: yes
configure:4187: checking for vprintf
configure:4187: gcc -o conftest -g -O2   conftest.c  >&5
conftest.c:51: warning: conflicting types for built-in function 'vprintf'
configure:4187: $? = 0
configure:4187: result: yes
configure:4193: checking for _doprnt
configure:4193: gcc -o conftest -g -O2   conftest.c  >&5
/tmp/.private/ryan/cce0w5i2.o: In function `main':
/home/ryan/workspace/williams67/json/src/conftest.c:63: undefined reference to `_doprnt'
collect2: ld returned 1 exit status
configure:4193: $? = 1
configure: failed program was:
| /* confdefs.h */
| #define PACKAGE_NAME "json-c"
| #define PACKAGE_TARNAME "json-c"
| #define PACKAGE_VERSION "0.9"
| #define PACKAGE_STRING "json-c 0.9"
| #define PACKAGE_BUGREPORT "michael@metaparadigm.com"
| #define PACKAGE_URL ""
| #define PACKAGE "json-c"
| #define VERSION "0.9"
| #define STDC_HEADERS 1
| #define HAVE_SYS_TYPES_H 1
| #define HAVE_SYS_STAT_H 1
| #define HAVE_STDLIB_H 1
| #define HAVE_STRING_H 1
| #define HAVE_MEMORY_H 1
| #define HAVE_STRINGS_H 1
| #define HAVE_INTTYPES_H 1
| #define HAVE_STDINT_H 1
| #define HAVE_UNISTD_H 1
| #define HAVE_FCNTL_H 1
| #define HAVE_LIMITS_H 1
| #define HAVE_STRINGS_H 1
| #define HAVE_SYSLOG_H 1
| #define HAVE_UNISTD_H 1
| #define HAVE_SYS_PARAM_H 1
| #define HAVE_STDARG_H 1
| #define HAVE_VPRINTF 1
| /* end confdefs.h.  */
| /* Define _doprnt to an innocuous variant, in case <limits.h> declares _doprnt.
|    For example, HP-UX 11i <limits.h> declares gettimeofday.  */
| #define _doprnt innocuous__doprnt
| 
| /* System header to define __stub macros and hopefully few prototypes,
|     which can conflict with char _doprnt (); below.
|     Prefer <limits.h> to <assert.h> if __STDC__ is defined, since
|     <limits.h> exists even on freestanding compilers.  */
| 
| #ifdef __STDC__
| # include <limits.h>
| #else
| # include <assert.h>
| #endif
| 
| #undef _doprnt
| 
| /* Override any GCC internal prototype to avoid an error.
|    Use char because int might match the return type of a GCC
|    builtin and then its argument prototype would still apply.  */
| #ifdef __cplusplus
| extern "C"
| #endif
| char _doprnt ();
| /* The GNU C library defines this for functions which it implements
|     to always fail with ENOSYS.  Some functions are actually named
|     something starting with __ and the normal name is an alias.  */
| #if defined __stub__doprnt || defined __stub____doprnt
| choke me
| #endif
| 
| int
| main ()
| {
| return _doprnt ();
|   ;
|   return 0;
| }
configure:4193: result: no
configure:4204: checking for working memcmp
configure:4247: gcc -o conftest -g -O2   conftest.c  >&5
configure:4247: $? = 0
configure:4247: ./conftest
configure:4247: $? = 0
configure:4257: result: yes
configure:4268: checking for stdlib.h
configure:4268: result: yes
configure:4278: checking for GNU libc compatible malloc
configure:4302: gcc -o conftest -g -O2   conftest.c  >&5
configure:4302: $? = 0
configure:4302: ./conftest
configure:4302: $? = 0
configure:4312: result: yes
configure:4335: checking for stdlib.h
configure:4335: result: yes
configure:4345: checking for GNU libc compatible realloc
configure:4369: gcc -o conftest -g -O2   conftest.c  >&5
configure:4369: $? = 0
configure:4369: ./conftest
configure:4369: $? = 0
configure:4379: result: yes
configure:4403: checking for strndup
configure:4403: gcc -o conftest -g -O2   conftest.c  >&5
conftest.c:56: warning: conflicting types for built-in function 'strndup'
configure:4403: $? = 0
configure:4403: result: yes
configure:4403: checking for strerror
configure:4403: gcc -o conftest -g -O2   conftest.c  >&5
configure:4403: $? = 0
configure:4403: result: yes
configure:4403: checking for vsnprintf
configure:4403: gcc -o conftest -g -O2   conftest.c  >&5
conftest.c:58: warning: conflicting types for built-in function 'vsnprintf'
configure:4403: $? = 0
configure:4403: result: yes
configure:4403: checking for vasprintf
configure:4403: gcc -o conftest -g -O2   conftest.c  >&5
configure:4403: $? = 0
configure:4403: result: yes
configure:4403: checking for open
configure:4403: gcc -o conftest -g -O2   conftest.c  >&5
configure:4403: $? = 0
configure:4403: result: yes
configure:4403: checking for vsyslog
configure:4403: gcc -o conftest -g -O2   conftest.c  >&5
configure:4403: $? = 0
configure:4403: result: yes
configure:4403: checking for strncasecmp
configure:4403: gcc -o conftest -g -O2   conftest.c  >&5
conftest.c:62: warning: conflicting types for built-in function 'strncasecmp'
configure:4403: $? = 0
configure:4403: result: yes
configure:4443: checking build system type
configure:4457: result: i686-pc-linux-gnu
configure:4477: checking host system type
configure:4490: result: i686-pc-linux-gnu
configure:4531: checking how to print strings
configure:4558: result: printf
configure:4579: checking for a sed that does not truncate output
configure:4643: result: /bin/sed
configure:4661: checking for fgrep
configure:4723: result: /bin/grep -F
configure:4758: checking for ld used by gcc
configure:4825: result: /usr/i686-pc-linux-gnu/bin/ld
configure:4832: checking if the linker (/usr/i686-pc-linux-gnu/bin/ld) is GNU ld
configure:4847: result: yes
configure:4859: checking for BSD- or MS-compatible name lister (nm)
configure:4908: result: /usr/bin/nm -B
configure:5038: checking the name lister (/usr/bin/nm -B) interface
configure:5045: gcc -c -g -O2  conftest.c >&5
configure:5048: /usr/bin/nm -B "conftest.o"
configure:5051: output
00000000 B some_variable
configure:5058: result: BSD nm
configure:5061: checking whether ln -s works
configure:5065: result: yes
configure:5073: checking the maximum length of command line arguments
configure:5198: result: 1572864
configure:5215: checking whether the shell understands some XSI constructs
configure:5225: result: yes
configure:5229: checking whether the shell understands "+="
configure:5235: result: yes
configure:5270: checking for /usr/i686-pc-linux-gnu/bin/ld option to reload object files
configure:5277: result: -r
configure:5346: checking for objdump
configure:5362: found /usr/bin/objdump
configure:5373: result: objdump
configure:5405: checking how to recognize dependent libraries
configure:5607: result: pass_all
configure:5667: checking for ar
configure:5683: found /usr/bin/ar
configure:5694: result: ar
configure:5772: checking for strip
configure:5788: found /usr/bin/strip
configure:5799: result: strip
configure:5871: checking for ranlib
configure:5887: found /usr/bin/ranlib
configure:5898: result: ranlib
configure:6000: checking command to parse /usr/bin/nm -B output from gcc object
configure:6118: gcc -c -g -O2  conftest.c >&5
configure:6121: $? = 0
configure:6125: /usr/bin/nm -B conftest.o \| sed -n -e 's/^.*[ ]\([ABCDGIRSTW][ABCDGIRSTW]*\)[ ][ ]*\([_A-Za-z][_A-Za-z0-9]*\)$/\1 \2 \2/p' \> conftest.nm
configure:6128: $? = 0
configure:6182: gcc -o conftest -g -O2   conftest.c conftstm.o >&5
configure:6185: $? = 0
configure:6223: result: ok
configure:7060: checking for dlfcn.h
configure:7060: gcc -c -g -O2  conftest.c >&5
configure:7060: $? = 0
configure:7060: result: yes
configure:7247: checking for objdir
configure:7262: result: .libs
configure:7529: checking if gcc supports -fno-rtti -fno-exceptions
configure:7547: gcc -c -g -O2  -fno-rtti -fno-exceptions conftest.c >&5
cc1: warning: command line option "-fno-rtti" is valid for C++/ObjC++ but not for C
configure:7551: $? = 0
configure:7564: result: no
configure:7584: checking for gcc option to produce PIC
configure:7869: result: -fPIC -DPIC
configure:7881: checking if gcc PIC flag -fPIC -DPIC works
configure:7899: gcc -c -g -O2  -fPIC -DPIC -DPIC conftest.c >&5
configure:7903: $? = 0
configure:7916: result: yes
configure:7940: checking if gcc static flag -static works
configure:7968: result: yes
configure:7983: checking if gcc supports -c -o file.o
configure:8004: gcc -c -g -O2  -o out/conftest2.o conftest.c >&5
configure:8008: $? = 0
configure:8030: result: yes
configure:8038: checking if gcc supports -c -o file.o
configure:8085: result: yes
configure:8118: checking whether the gcc linker (/usr/i686-pc-linux-gnu/bin/ld) supports shared libraries
configure:9193: result: yes
configure:9230: checking whether -lc should be explicitly linked in
configure:9238: gcc -c -g -O2  conftest.c >&5
configure:9241: $? = 0
configure:9256: gcc -shared conftest.o  -v -Wl,-soname -Wl,conftest -o conftest 2\>\&1 \| /bin/grep  -lc  \>/dev/null 2\>\&1
configure:9259: $? = 0
configure:9273: result: no
configure:9438: checking dynamic linker characteristics
configure:9906: gcc -o conftest -g -O2   -Wl,-rpath -Wl,/foo conftest.c  >&5
configure:9906: $? = 0
configure:10128: result: GNU/Linux ld.so
configure:10235: checking how to hardcode library paths into programs
configure:10260: result: immediate
configure:10800: checking whether stripping libraries is possible
configure:10805: result: yes
configure:10840: checking if libtool supports shared libraries
configure:10842: result: yes
configure:10845: checking whether to build shared libraries
configure:10866: result: yes
configure:10869: checking whether to build static libraries
configure:10873: result: yes
configure:11021: creating ./config.status

## ---------------------- ##
## Running config.status. ##
## ---------------------- ##

This file was extended by json-c config.status 0.9, which was
generated by GNU Autoconf 2.65.  Invocation command line was

  CONFIG_FILES    = 
  CONFIG_HEADERS  = 
  CONFIG_LINKS    = 
  CONFIG_COMMANDS = 
  $ ./config.status 

on Ghostface

config.status:1083: creating Makefile
config.status:1083: creating json.pc
config.status:1083: creating config.h
config.status:1255: config.h is unchanged
config.status:1303: executing depfiles commands
config.status:1303: executing libtool commands

## ---------------- ##
## Cache variables. ##
## ---------------- ##

ac_cv_build=i686-pc-linux-gnu
ac_cv_c_compiler_gnu=yes
ac_cv_c_const=yes
ac_cv_env_CC_set=
ac_cv_env_CC_value=
ac_cv_env_CFLAGS_set=
ac_cv_env_CFLAGS_value=
ac_cv_env_CPPFLAGS_set=
ac_cv_env_CPPFLAGS_value=
ac_cv_env_CPP_set=
ac_cv_env_CPP_value=
ac_cv_env_LDFLAGS_set=
ac_cv_env_LDFLAGS_value=
ac_cv_env_LIBS_set=
ac_cv_env_LIBS_value=
ac_cv_env_build_alias_set=
ac_cv_env_build_alias_value=
ac_cv_env_host_alias_set=
ac_cv_env_host_alias_value=
ac_cv_env_target_alias_set=
ac_cv_env_target_alias_value=
ac_cv_func__doprnt=no
ac_cv_func_malloc_0_nonnull=yes
ac_cv_func_memcmp_working=yes
ac_cv_func_open=yes
ac_cv_func_realloc_0_nonnull=yes
ac_cv_func_strerror=yes
ac_cv_func_strncasecmp=yes
ac_cv_func_strndup=yes
ac_cv_func_vasprintf=yes
ac_cv_func_vprintf=yes
ac_cv_func_vsnprintf=yes
ac_cv_func_vsyslog=yes
ac_cv_header_dlfcn_h=yes
ac_cv_header_fcntl_h=yes
ac_cv_header_inttypes_h=yes
ac_cv_header_limits_h=yes
ac_cv_header_memory_h=yes
ac_cv_header_stdarg_h=yes
ac_cv_header_stdc=yes
ac_cv_header_stdint_h=yes
ac_cv_header_stdlib_h=yes
ac_cv_header_string_h=yes
ac_cv_header_strings_h=yes
ac_cv_header_sys_param_h=yes
ac_cv_header_sys_stat_h=yes
ac_cv_header_sys_types_h=yes
ac_cv_header_syslog_h=yes
ac_cv_header_unistd_h=yes
ac_cv_host=i686-pc-linux-gnu
ac_cv_objext=o
ac_cv_path_EGREP='/bin/grep -E'
ac_cv_path_FGREP='/bin/grep -F'
ac_cv_path_GREP=/bin/grep
ac_cv_path_SED=/bin/sed
ac_cv_path_install='/usr/bin/install -c'
ac_cv_path_mkdir=/bin/mkdir
ac_cv_prog_AWK=gawk
ac_cv_prog_CPP='gcc -E'
ac_cv_prog_ac_ct_AR=ar
ac_cv_prog_ac_ct_CC=gcc
ac_cv_prog_ac_ct_OBJDUMP=objdump
ac_cv_prog_ac_ct_RANLIB=ranlib
ac_cv_prog_ac_ct_STRIP=strip
ac_cv_prog_cc_c89=
ac_cv_prog_cc_g=yes
ac_cv_prog_make_make_set=yes
ac_cv_type_size_t=yes
am_cv_CC_dependencies_compiler_type=gcc3
lt_cv_archive_cmds_need_lc=no
lt_cv_deplibs_check_method=pass_all
lt_cv_file_magic_cmd='$MAGIC_CMD'
lt_cv_file_magic_test_file=
lt_cv_ld_reload_flag=-r
lt_cv_nm_interface='BSD nm'
lt_cv_objdir=.libs
lt_cv_path_LD=/usr/i686-pc-linux-gnu/bin/ld
lt_cv_path_NM='/usr/bin/nm -B'
lt_cv_prog_compiler_c_o=yes
lt_cv_prog_compiler_pic_works=yes
lt_cv_prog_compiler_rtti_exceptions=no
lt_cv_prog_compiler_static_works=yes
lt_cv_prog_gnu_ld=yes
lt_cv_shlibpath_overrides_runpath=yes
lt_cv_sys_global_symbol_pipe='sed -n -e '\''s/^.*[	 ]\([ABCDGIRSTW][ABCDGIRSTW]*\)[	 ][	 ]*\([_A-Za-z][_A-Za-z0-9]*\)$/\1 \2 \2/p'\'''
lt_cv_sys_global_symbol_to_c_name_address='sed -n -e '\''s/^: \([^ ]*\) $/  {\"\1\", (void *) 0},/p'\'' -e '\''s/^[ABCDGIRSTW]* \([^ ]*\) \([^ ]*\)$/  {"\2", (void *) \&\2},/p'\'''
lt_cv_sys_global_symbol_to_c_name_address_lib_prefix='sed -n -e '\''s/^: \([^ ]*\) $/  {\"\1\", (void *) 0},/p'\'' -e '\''s/^[ABCDGIRSTW]* \([^ ]*\) \(lib[^ ]*\)$/  {"\2", (void *) \&\2},/p'\'' -e '\''s/^[ABCDGIRSTW]* \([^ ]*\) \([^ ]*\)$/  {"lib\2", (void *) \&\2},/p'\'''
lt_cv_sys_global_symbol_to_cdecl='sed -n -e '\''s/^T .* \(.*\)$/extern int \1();/p'\'' -e '\''s/^[ABCDGIRSTW]* .* \(.*\)$/extern char \1;/p'\'''
lt_cv_sys_max_cmd_len=1572864

## ----------------- ##
## Output variables. ##
## ----------------- ##

ACLOCAL='${SHELL} /home/ryan/workspace/williams67/json/src/missing --run aclocal-1.10'
AMDEPBACKSLASH='\'
AMDEP_FALSE='#'
AMDEP_TRUE=''
AMTAR='${SHELL} /home/ryan/workspace/williams67/json/src/missing --run tar'
AR='ar'
AUTOCONF='${SHELL} /home/ryan/workspace/williams67/json/src/missing --run autoconf'
AUTOHEADER='${SHELL} /home/ryan/workspace/williams67/json/src/missing --run autoheader'
AUTOMAKE='${SHELL} /home/ryan/workspace/williams67/json/src/missing --run automake-1.10'
AWK='gawk'
CC='gcc'
CCDEPMODE='depmode=gcc3'
CFLAGS='-g -O2'
CPP='gcc -E'
CPPFLAGS=''
CYGPATH_W='echo'
DEFS='-DHAVE_CONFIG_H'
DEPDIR='.deps'
DSYMUTIL=''
DUMPBIN=''
ECHO_C=''
ECHO_N='-n'
ECHO_T=''
EGREP='/bin/grep -E'
EXEEXT=''
FGREP='/bin/grep -F'
GREP='/bin/grep'
INSTALL_DATA='${INSTALL} -m 644'
INSTALL_PROGRAM='${INSTALL}'
INSTALL_SCRIPT='${INSTALL}'
INSTALL_STRIP_PROGRAM='$(install_sh) -c -s'
LD='/usr/i686-pc-linux-gnu/bin/ld'
LDFLAGS=''
LIBOBJS=''
LIBS=''
LIBTOOL='$(SHELL) $(top_builddir)/libtool'
LIPO=''
LN_S='ln -s'
LTLIBOBJS=''
MAKEINFO='${SHELL} /home/ryan/workspace/williams67/json/src/missing --run makeinfo'
MKDIR_P='/bin/mkdir -p'
NM='/usr/bin/nm -B'
NMEDIT=''
OBJDUMP='objdump'
OBJEXT='o'
OTOOL64=''
OTOOL=''
PACKAGE='json-c'
PACKAGE_BUGREPORT='michael@metaparadigm.com'
PACKAGE_NAME='json-c'
PACKAGE_STRING='json-c 0.9'
PACKAGE_TARNAME='json-c'
PACKAGE_URL=''
PACKAGE_VERSION='0.9'
PATH_SEPARATOR=':'
RANLIB='ranlib'
SED='/bin/sed'
SET_MAKE=''
SHELL='/bin/sh'
STRIP='strip'
VERSION='0.9'
ac_ct_CC='gcc'
ac_ct_DUMPBIN=''
am__fastdepCC_FALSE='#'
am__fastdepCC_TRUE=''
am__include='include'
am__isrc=''
am__leading_dot='.'
am__quote=''
am__tar='${AMTAR} chof - "$$tardir"'
am__untar='${AMTAR} xf -'
bindir='${exec_prefix}/bin'
build='i686-pc-linux-gnu'
build_alias=''
build_cpu='i686'
build_os='linux-gnu'
build_vendor='pc'
datadir='${datarootdir}'
datarootdir='${prefix}/share'
docdir='${datarootdir}/doc/${PACKAGE_TARNAME}'
dvidir='${docdir}'
exec_prefix='${prefix}'
host='i686-pc-linux-gnu'
host_alias=''
host_cpu='i686'
host_os='linux-gnu'
host_vendor='pc'
htmldir='${docdir}'
includedir='${prefix}/include'
infodir='${datarootdir}/info'
install_sh='$(SHELL) /home/ryan/workspace/williams67/json/src/install-sh'
libdir='${exec_prefix}/lib'
libexecdir='${exec_prefix}/libexec'
localedir='${datarootdir}/locale'
localstatedir='${prefix}/var'
mandir='${datarootdir}/man'
mkdir_p='/bin/mkdir -p'
oldincludedir='/usr/include'
pdfdir='${docdir}'
prefix='/usr/local'
program_transform_name='s,x,x,'
psdir='${docdir}'
sbindir='${exec_prefix}/sbin'
sharedstatedir='${prefix}/com'
sysconfdir='${prefix}/etc'
target_alias=''

## ----------- ##
## confdefs.h. ##
## ----------- ##

/* confdefs.h */
#define PACKAGE_NAME "json-c"
#define PACKAGE_TARNAME "json-c"
#define PACKAGE_VERSION "0.9"
#define PACKAGE_STRING "json-c 0.9"
#define PACKAGE_BUGREPORT "michael@metaparadigm.com"
#define PACKAGE_URL ""
#define PACKAGE "json-c"
#define VERSION "0.9"
#define STDC_HEADERS 1
#define HAVE_SYS_TYPES_H 1
#define HAVE_SYS_STAT_H 1
#define HAVE_STDLIB_H 1
#define HAVE_STRING_H 1
#define HAVE_MEMORY_H 1
#define HAVE_STRINGS_H 1
#define HAVE_INTTYPES_H 1
#define HAVE_STDINT_H 1
#define HAVE_UNISTD_H 1
#define HAVE_FCNTL_H 1
#define HAVE_LIMITS_H 1
#define HAVE_STRINGS_H 1
#define HAVE_SYSLOG_H 1
#define HAVE_UNISTD_H 1
#define HAVE_SYS_PARAM_H 1
#define HAVE_STDARG_H 1
#define HAVE_VPRINTF 1
#define HAVE_STDLIB_H 1
#define HAVE_MALLOC 1
#define HAVE_STDLIB_H 1
#define HAVE_REALLOC 1
#define HAVE_STRNDUP 1
#define HAVE_STRERROR 1
#define HAVE_VSNPRINTF 1
#define HAVE_VASPRINTF 1
#define HAVE_OPEN 1
#define HAVE_VSYSLOG 1
#define HAVE_STRNCASECMP 1
#define HAVE_DLFCN_H 1
#define LT_OBJDIR ".libs/"

configure: exit 0
